{"C:\\Users\\mgodin\\maze\\vidly\\index.js": {"path":"C:\\Users\\mgodin\\maze\\vidly\\index.js","statementMap":{"0":{"start":{"line":2,"column":16},"end":{"line":2,"column":34}},"1":{"start":{"line":9,"column":16},"end":{"line":9,"column":34}},"2":{"start":{"line":10,"column":12},"end":{"line":10,"column":21}},"3":{"start":{"line":11,"column":0},"end":{"line":11,"column":24}},"4":{"start":{"line":12,"column":0},"end":{"line":12,"column":33}},"5":{"start":{"line":13,"column":0},"end":{"line":13,"column":26}},"6":{"start":{"line":14,"column":0},"end":{"line":14,"column":31}},"7":{"start":{"line":15,"column":0},"end":{"line":15,"column":30}},"8":{"start":{"line":16,"column":0},"end":{"line":16,"column":34}},"9":{"start":{"line":74,"column":13},"end":{"line":74,"column":37}},"10":{"start":{"line":75,"column":15},"end":{"line":78,"column":49}},"11":{"start":{"line":78,"column":4},"end":{"line":78,"column":48}},"12":{"start":{"line":79,"column":0},"end":{"line":79,"column":24}}},"fnMap":{"0":{"name":"(anonymous_0)","decl":{"start":{"line":75,"column":32},"end":{"line":75,"column":33}},"loc":{"start":{"line":78,"column":4},"end":{"line":78,"column":48}},"line":78}},"branchMap":{"0":{"loc":{"start":{"line":74,"column":13},"end":{"line":74,"column":37}},"type":"binary-expr","locations":[{"start":{"line":74,"column":13},"end":{"line":74,"column":29}},{"start":{"line":74,"column":33},"end":{"line":74,"column":37}}],"line":74}},"s":{"0":2,"1":2,"2":2,"3":2,"4":2,"5":2,"6":2,"7":2,"8":2,"9":2,"10":2,"11":2,"12":2},"f":{"0":2},"b":{"0":[2,2]},"_coverageSchema":"332fd63041d2c1bcb487cc26dd0d5f7d97098a6c","hash":"e88a33eccaf6a1043996029af4a5104ea35208b4"}
,"C:\\Users\\mgodin\\maze\\vidly\\middleware\\admin.js": {"path":"C:\\Users\\mgodin\\maze\\vidly\\middleware\\admin.js","statementMap":{"0":{"start":{"line":8,"column":0},"end":{"line":15,"column":1}},"1":{"start":{"line":12,"column":4},"end":{"line":13,"column":32}},"2":{"start":{"line":12,"column":27},"end":{"line":13,"column":32}},"3":{"start":{"line":14,"column":4},"end":{"line":14,"column":11}}},"fnMap":{"0":{"name":"(anonymous_0)","decl":{"start":{"line":8,"column":17},"end":{"line":8,"column":18}},"loc":{"start":{"line":8,"column":42},"end":{"line":15,"column":1}},"line":8}},"branchMap":{"0":{"loc":{"start":{"line":12,"column":4},"end":{"line":13,"column":32}},"type":"if","locations":[{"start":{"line":12,"column":4},"end":{"line":13,"column":32}},{"start":{"line":12,"column":4},"end":{"line":13,"column":32}}],"line":12}},"s":{"0":2,"1":0,"2":0,"3":0},"f":{"0":0},"b":{"0":[0,0]},"_coverageSchema":"332fd63041d2c1bcb487cc26dd0d5f7d97098a6c","hash":"d1a5793eefb9defbfa76cda44cb5708f8483dfd9"}
,"C:\\Users\\mgodin\\maze\\vidly\\middleware\\auth.js": {"path":"C:\\Users\\mgodin\\maze\\vidly\\middleware\\auth.js","statementMap":{"0":{"start":{"line":1,"column":12},"end":{"line":1,"column":35}},"1":{"start":{"line":2,"column":15},"end":{"line":2,"column":32}},"2":{"start":{"line":4,"column":0},"end":{"line":16,"column":1}},"3":{"start":{"line":5,"column":18},"end":{"line":5,"column":44}},"4":{"start":{"line":6,"column":4},"end":{"line":7,"column":55}},"5":{"start":{"line":6,"column":16},"end":{"line":7,"column":55}},"6":{"start":{"line":8,"column":4},"end":{"line":15,"column":5}},"7":{"start":{"line":9,"column":24},"end":{"line":10,"column":55}},"8":{"start":{"line":11,"column":8},"end":{"line":11,"column":27}},"9":{"start":{"line":12,"column":8},"end":{"line":12,"column":15}},"10":{"start":{"line":14,"column":8},"end":{"line":14,"column":47}}},"fnMap":{"0":{"name":"(anonymous_0)","decl":{"start":{"line":4,"column":17},"end":{"line":4,"column":18}},"loc":{"start":{"line":4,"column":43},"end":{"line":16,"column":1}},"line":4}},"branchMap":{"0":{"loc":{"start":{"line":6,"column":4},"end":{"line":7,"column":55}},"type":"if","locations":[{"start":{"line":6,"column":4},"end":{"line":7,"column":55}},{"start":{"line":6,"column":4},"end":{"line":7,"column":55}}],"line":6}},"s":{"0":2,"1":2,"2":2,"3":8,"4":8,"5":2,"6":6,"7":6,"8":5,"9":5,"10":1},"f":{"0":8},"b":{"0":[2,6]},"_coverageSchema":"332fd63041d2c1bcb487cc26dd0d5f7d97098a6c","hash":"3f940cb786d06e8adab31e5cc8c69c712902112c"}
,"C:\\Users\\mgodin\\maze\\vidly\\middleware\\error.js": {"path":"C:\\Users\\mgodin\\maze\\vidly\\middleware\\error.js","statementMap":{"0":{"start":{"line":1,"column":16},"end":{"line":1,"column":34}},"1":{"start":{"line":2,"column":0},"end":{"line":12,"column":1}},"2":{"start":{"line":5,"column":4},"end":{"line":5,"column":36}},"3":{"start":{"line":9,"column":4},"end":{"line":9,"column":46}}},"fnMap":{"0":{"name":"(anonymous_0)","decl":{"start":{"line":2,"column":17},"end":{"line":2,"column":18}},"loc":{"start":{"line":2,"column":47},"end":{"line":12,"column":1}},"line":2}},"branchMap":{},"s":{"0":2,"1":2,"2":0,"3":0},"f":{"0":0},"b":{},"_coverageSchema":"332fd63041d2c1bcb487cc26dd0d5f7d97098a6c","hash":"10d398753996d7055336d6032336c13d7869f59c"}
,"C:\\Users\\mgodin\\maze\\vidly\\middleware\\validateObjectId.js": {"path":"C:\\Users\\mgodin\\maze\\vidly\\middleware\\validateObjectId.js","statementMap":{"0":{"start":{"line":3,"column":17},"end":{"line":3,"column":36}},"1":{"start":{"line":5,"column":0},"end":{"line":10,"column":1}},"2":{"start":{"line":6,"column":4},"end":{"line":7,"column":51}},"3":{"start":{"line":7,"column":8},"end":{"line":7,"column":51}},"4":{"start":{"line":9,"column":4},"end":{"line":9,"column":11}}},"fnMap":{"0":{"name":"(anonymous_0)","decl":{"start":{"line":5,"column":17},"end":{"line":5,"column":18}},"loc":{"start":{"line":5,"column":43},"end":{"line":10,"column":1}},"line":5}},"branchMap":{"0":{"loc":{"start":{"line":6,"column":4},"end":{"line":7,"column":51}},"type":"if","locations":[{"start":{"line":6,"column":4},"end":{"line":7,"column":51}},{"start":{"line":6,"column":4},"end":{"line":7,"column":51}}],"line":6}},"s":{"0":2,"1":2,"2":2,"3":1,"4":1},"f":{"0":2},"b":{"0":[1,1]},"_coverageSchema":"332fd63041d2c1bcb487cc26dd0d5f7d97098a6c","hash":"0d1a1378aec7edd9f7e01bb5594bbf279a94d202"}
,"C:\\Users\\mgodin\\maze\\vidly\\models\\customer.js": {"path":"C:\\Users\\mgodin\\maze\\vidly\\models\\customer.js","statementMap":{"0":{"start":{"line":1,"column":17},"end":{"line":1,"column":36}},"1":{"start":{"line":2,"column":12},"end":{"line":2,"column":26}},"2":{"start":{"line":3,"column":17},"end":{"line":10,"column":3}},"3":{"start":{"line":12,"column":19},"end":{"line":16,"column":5}},"4":{"start":{"line":17,"column":4},"end":{"line":17,"column":42}},"5":{"start":{"line":19,"column":0},"end":{"line":19,"column":28}},"6":{"start":{"line":20,"column":0},"end":{"line":20,"column":36}}},"fnMap":{"0":{"name":"validateCustomer","decl":{"start":{"line":11,"column":9},"end":{"line":11,"column":25}},"loc":{"start":{"line":11,"column":36},"end":{"line":18,"column":1}},"line":11}},"branchMap":{},"s":{"0":2,"1":2,"2":2,"3":0,"4":0,"5":2,"6":2},"f":{"0":0},"b":{},"_coverageSchema":"332fd63041d2c1bcb487cc26dd0d5f7d97098a6c","hash":"39ddf7b7b05da1604e2899bcb3dffc8a61b06f0d"}
,"C:\\Users\\mgodin\\maze\\vidly\\models\\genre.js": {"path":"C:\\Users\\mgodin\\maze\\vidly\\models\\genre.js","statementMap":{"0":{"start":{"line":1,"column":17},"end":{"line":1,"column":36}},"1":{"start":{"line":2,"column":12},"end":{"line":2,"column":26}},"2":{"start":{"line":3,"column":20},"end":{"line":6,"column":2}},"3":{"start":{"line":7,"column":14},"end":{"line":7,"column":50}},"4":{"start":{"line":9,"column":19},"end":{"line":11,"column":5}},"5":{"start":{"line":12,"column":4},"end":{"line":12,"column":39}},"6":{"start":{"line":14,"column":0},"end":{"line":14,"column":22}},"7":{"start":{"line":15,"column":0},"end":{"line":15,"column":33}},"8":{"start":{"line":16,"column":0},"end":{"line":16,"column":34}}},"fnMap":{"0":{"name":"validateGenre","decl":{"start":{"line":8,"column":9},"end":{"line":8,"column":22}},"loc":{"start":{"line":8,"column":30},"end":{"line":13,"column":1}},"line":8}},"branchMap":{},"s":{"0":2,"1":2,"2":2,"3":2,"4":5,"5":5,"6":2,"7":2,"8":2},"f":{"0":5},"b":{},"_coverageSchema":"332fd63041d2c1bcb487cc26dd0d5f7d97098a6c","hash":"89739753a4ec4ca40bb06510ed62bda1271fcb99"}
,"C:\\Users\\mgodin\\maze\\vidly\\models\\movie.js": {"path":"C:\\Users\\mgodin\\maze\\vidly\\models\\movie.js","statementMap":{"0":{"start":{"line":1,"column":22},"end":{"line":1,"column":40}},"1":{"start":{"line":2,"column":17},"end":{"line":2,"column":36}},"2":{"start":{"line":3,"column":12},"end":{"line":3,"column":26}},"3":{"start":{"line":4,"column":20},"end":{"line":12,"column":2}},"4":{"start":{"line":13,"column":14},"end":{"line":14,"column":41}},"5":{"start":{"line":16,"column":19},"end":{"line":24,"column":5}},"6":{"start":{"line":25,"column":4},"end":{"line":25,"column":39}},"7":{"start":{"line":27,"column":0},"end":{"line":27,"column":34}},"8":{"start":{"line":28,"column":0},"end":{"line":28,"column":22}},"9":{"start":{"line":29,"column":0},"end":{"line":29,"column":33}}},"fnMap":{"0":{"name":"validateMovie","decl":{"start":{"line":15,"column":9},"end":{"line":15,"column":22}},"loc":{"start":{"line":15,"column":30},"end":{"line":26,"column":1}},"line":15}},"branchMap":{},"s":{"0":2,"1":2,"2":2,"3":2,"4":2,"5":0,"6":0,"7":2,"8":2,"9":2},"f":{"0":0},"b":{},"_coverageSchema":"332fd63041d2c1bcb487cc26dd0d5f7d97098a6c","hash":"8b819ba8c5d0ef4c652cf216e9b6ac52483c999f"}
,"C:\\Users\\mgodin\\maze\\vidly\\models\\rental.js": {"path":"C:\\Users\\mgodin\\maze\\vidly\\models\\rental.js","statementMap":{"0":{"start":{"line":1,"column":16},"end":{"line":1,"column":34}},"1":{"start":{"line":2,"column":19},"end":{"line":2,"column":40}},"2":{"start":{"line":3,"column":17},"end":{"line":3,"column":36}},"3":{"start":{"line":4,"column":12},"end":{"line":4,"column":26}},"4":{"start":{"line":8,"column":15},"end":{"line":61,"column":3}},"5":{"start":{"line":65,"column":19},"end":{"line":70,"column":5}},"6":{"start":{"line":71,"column":4},"end":{"line":71,"column":40}},"7":{"start":{"line":73,"column":0},"end":{"line":73,"column":24}},"8":{"start":{"line":74,"column":0},"end":{"line":74,"column":34}}},"fnMap":{"0":{"name":"validateRental","decl":{"start":{"line":62,"column":9},"end":{"line":62,"column":23}},"loc":{"start":{"line":62,"column":32},"end":{"line":72,"column":1}},"line":62}},"branchMap":{},"s":{"0":2,"1":2,"2":2,"3":2,"4":2,"5":0,"6":0,"7":2,"8":2},"f":{"0":0},"b":{},"_coverageSchema":"332fd63041d2c1bcb487cc26dd0d5f7d97098a6c","hash":"dad85cde11e9b169528925e405f57d26742e1e63"}
,"C:\\Users\\mgodin\\maze\\vidly\\models\\user.js": {"path":"C:\\Users\\mgodin\\maze\\vidly\\models\\user.js","statementMap":{"0":{"start":{"line":1,"column":15},"end":{"line":1,"column":32}},"1":{"start":{"line":2,"column":12},"end":{"line":2,"column":35}},"2":{"start":{"line":3,"column":17},"end":{"line":3,"column":36}},"3":{"start":{"line":4,"column":12},"end":{"line":4,"column":26}},"4":{"start":{"line":5,"column":19},"end":{"line":20,"column":2}},"5":{"start":{"line":21,"column":0},"end":{"line":25,"column":1}},"6":{"start":{"line":22,"column":4},"end":{"line":24,"column":37}},"7":{"start":{"line":26,"column":13},"end":{"line":26,"column":47}},"8":{"start":{"line":28,"column":19},"end":{"line":34,"column":5}},"9":{"start":{"line":35,"column":4},"end":{"line":35,"column":38}},"10":{"start":{"line":37,"column":0},"end":{"line":37,"column":20}},"11":{"start":{"line":38,"column":0},"end":{"line":38,"column":32}}},"fnMap":{"0":{"name":"(anonymous_0)","decl":{"start":{"line":21,"column":39},"end":{"line":21,"column":40}},"loc":{"start":{"line":21,"column":50},"end":{"line":25,"column":1}},"line":21},"1":{"name":"validateUser","decl":{"start":{"line":27,"column":9},"end":{"line":27,"column":21}},"loc":{"start":{"line":27,"column":28},"end":{"line":36,"column":1}},"line":27}},"branchMap":{},"s":{"0":3,"1":3,"2":3,"3":3,"4":3,"5":3,"6":9,"7":3,"8":0,"9":0,"10":3,"11":3},"f":{"0":9,"1":0},"b":{},"_coverageSchema":"332fd63041d2c1bcb487cc26dd0d5f7d97098a6c","hash":"32cdd537b78f581ee6e4f55b391f044e2c5c4f56"}
,"C:\\Users\\mgodin\\maze\\vidly\\routes\\auth.js": {"path":"C:\\Users\\mgodin\\maze\\vidly\\routes\\auth.js","statementMap":{"0":{"start":{"line":3,"column":12},"end":{"line":3,"column":26}},"1":{"start":{"line":4,"column":15},"end":{"line":4,"column":32}},"2":{"start":{"line":5,"column":10},"end":{"line":5,"column":27}},"3":{"start":{"line":6,"column":15},"end":{"line":6,"column":40}},"4":{"start":{"line":7,"column":17},"end":{"line":7,"column":36}},"5":{"start":{"line":8,"column":16},"end":{"line":8,"column":34}},"6":{"start":{"line":9,"column":15},"end":{"line":9,"column":31}},"7":{"start":{"line":10,"column":0},"end":{"line":34,"column":3}},"8":{"start":{"line":11,"column":22},"end":{"line":11,"column":40}},"9":{"start":{"line":12,"column":4},"end":{"line":13,"column":38}},"10":{"start":{"line":12,"column":15},"end":{"line":13,"column":38}},"11":{"start":{"line":15,"column":8},"end":{"line":15,"column":53}},"12":{"start":{"line":16,"column":4},"end":{"line":17,"column":44}},"13":{"start":{"line":16,"column":15},"end":{"line":17,"column":44}},"14":{"start":{"line":19,"column":10},"end":{"line":20,"column":45}},"15":{"start":{"line":21,"column":4},"end":{"line":22,"column":44}},"16":{"start":{"line":21,"column":27},"end":{"line":22,"column":44}},"17":{"start":{"line":23,"column":18},"end":{"line":23,"column":42}},"18":{"start":{"line":33,"column":4},"end":{"line":33,"column":20}},"19":{"start":{"line":40,"column":19},"end":{"line":45,"column":5}},"20":{"start":{"line":46,"column":4},"end":{"line":46,"column":37}},"21":{"start":{"line":49,"column":0},"end":{"line":49,"column":24}}},"fnMap":{"0":{"name":"(anonymous_0)","decl":{"start":{"line":10,"column":17},"end":{"line":10,"column":18}},"loc":{"start":{"line":10,"column":37},"end":{"line":34,"column":1}},"line":10},"1":{"name":"validate","decl":{"start":{"line":39,"column":9},"end":{"line":39,"column":17}},"loc":{"start":{"line":39,"column":23},"end":{"line":47,"column":1}},"line":39}},"branchMap":{"0":{"loc":{"start":{"line":12,"column":4},"end":{"line":13,"column":38}},"type":"if","locations":[{"start":{"line":12,"column":4},"end":{"line":13,"column":38}},{"start":{"line":12,"column":4},"end":{"line":13,"column":38}}],"line":12},"1":{"loc":{"start":{"line":16,"column":4},"end":{"line":17,"column":44}},"type":"if","locations":[{"start":{"line":16,"column":4},"end":{"line":17,"column":44}},{"start":{"line":16,"column":4},"end":{"line":17,"column":44}}],"line":16},"2":{"loc":{"start":{"line":21,"column":4},"end":{"line":22,"column":44}},"type":"if","locations":[{"start":{"line":21,"column":4},"end":{"line":22,"column":44}},{"start":{"line":21,"column":4},"end":{"line":22,"column":44}}],"line":21}},"s":{"0":2,"1":2,"2":2,"3":2,"4":2,"5":2,"6":2,"7":2,"8":0,"9":0,"10":0,"11":0,"12":0,"13":0,"14":0,"15":0,"16":0,"17":0,"18":0,"19":0,"20":0,"21":2},"f":{"0":0,"1":0},"b":{"0":[0,0],"1":[0,0],"2":[0,0]},"_coverageSchema":"332fd63041d2c1bcb487cc26dd0d5f7d97098a6c","hash":"b3d1023f4063a0ffc07ebb74b0999a3f66dc1aa3"}
,"C:\\Users\\mgodin\\maze\\vidly\\routes\\customers.js": {"path":"C:\\Users\\mgodin\\maze\\vidly\\routes\\customers.js","statementMap":{"0":{"start":{"line":1,"column":13},"end":{"line":1,"column":42}},"1":{"start":{"line":3,"column":4},"end":{"line":3,"column":33}},"2":{"start":{"line":4,"column":17},"end":{"line":4,"column":36}},"3":{"start":{"line":6,"column":16},"end":{"line":6,"column":34}},"4":{"start":{"line":7,"column":15},"end":{"line":7,"column":31}},"5":{"start":{"line":16,"column":0},"end":{"line":21,"column":3}},"6":{"start":{"line":17,"column":22},"end":{"line":19,"column":21}},"7":{"start":{"line":20,"column":4},"end":{"line":20,"column":24}},"8":{"start":{"line":22,"column":0},"end":{"line":30,"column":3}},"9":{"start":{"line":23,"column":21},"end":{"line":24,"column":32}},"10":{"start":{"line":25,"column":4},"end":{"line":28,"column":36}},"11":{"start":{"line":26,"column":8},"end":{"line":28,"column":36}},"12":{"start":{"line":29,"column":4},"end":{"line":29,"column":23}},"13":{"start":{"line":31,"column":0},"end":{"line":52,"column":3}},"14":{"start":{"line":32,"column":22},"end":{"line":32,"column":40}},"15":{"start":{"line":34,"column":4},"end":{"line":35,"column":38}},"16":{"start":{"line":34,"column":15},"end":{"line":35,"column":38}},"17":{"start":{"line":36,"column":19},"end":{"line":38,"column":16}},"18":{"start":{"line":39,"column":21},"end":{"line":43,"column":6}},"19":{"start":{"line":44,"column":4},"end":{"line":50,"column":5}},"20":{"start":{"line":45,"column":23},"end":{"line":45,"column":44}},"21":{"start":{"line":47,"column":8},"end":{"line":49,"column":9}},"22":{"start":{"line":48,"column":12},"end":{"line":48,"column":50}},"23":{"start":{"line":51,"column":4},"end":{"line":51,"column":23}},"24":{"start":{"line":53,"column":0},"end":{"line":71,"column":3}},"25":{"start":{"line":54,"column":19},"end":{"line":55,"column":32}},"26":{"start":{"line":56,"column":4},"end":{"line":59,"column":40}},"27":{"start":{"line":57,"column":12},"end":{"line":59,"column":40}},"28":{"start":{"line":60,"column":22},"end":{"line":60,"column":40}},"29":{"start":{"line":62,"column":4},"end":{"line":63,"column":38}},"30":{"start":{"line":62,"column":15},"end":{"line":63,"column":38}},"31":{"start":{"line":64,"column":4},"end":{"line":69,"column":21}},"32":{"start":{"line":70,"column":4},"end":{"line":70,"column":23}},"33":{"start":{"line":72,"column":0},"end":{"line":82,"column":3}},"34":{"start":{"line":73,"column":21},"end":{"line":74,"column":32}},"35":{"start":{"line":75,"column":4},"end":{"line":78,"column":40}},"36":{"start":{"line":76,"column":12},"end":{"line":78,"column":40}},"37":{"start":{"line":79,"column":19},"end":{"line":80,"column":41}},"38":{"start":{"line":81,"column":4},"end":{"line":81,"column":23}},"39":{"start":{"line":91,"column":0},"end":{"line":91,"column":24}}},"fnMap":{"0":{"name":"(anonymous_0)","decl":{"start":{"line":16,"column":16},"end":{"line":16,"column":17}},"loc":{"start":{"line":16,"column":36},"end":{"line":21,"column":1}},"line":16},"1":{"name":"(anonymous_1)","decl":{"start":{"line":22,"column":19},"end":{"line":22,"column":20}},"loc":{"start":{"line":22,"column":39},"end":{"line":30,"column":1}},"line":22},"2":{"name":"(anonymous_2)","decl":{"start":{"line":31,"column":23},"end":{"line":31,"column":24}},"loc":{"start":{"line":31,"column":43},"end":{"line":52,"column":1}},"line":31},"3":{"name":"(anonymous_3)","decl":{"start":{"line":53,"column":25},"end":{"line":53,"column":26}},"loc":{"start":{"line":53,"column":45},"end":{"line":71,"column":1}},"line":53},"4":{"name":"(anonymous_4)","decl":{"start":{"line":72,"column":28},"end":{"line":72,"column":29}},"loc":{"start":{"line":72,"column":48},"end":{"line":82,"column":1}},"line":72}},"branchMap":{"0":{"loc":{"start":{"line":25,"column":4},"end":{"line":28,"column":36}},"type":"if","locations":[{"start":{"line":25,"column":4},"end":{"line":28,"column":36}},{"start":{"line":25,"column":4},"end":{"line":28,"column":36}}],"line":25},"1":{"loc":{"start":{"line":34,"column":4},"end":{"line":35,"column":38}},"type":"if","locations":[{"start":{"line":34,"column":4},"end":{"line":35,"column":38}},{"start":{"line":34,"column":4},"end":{"line":35,"column":38}}],"line":34},"2":{"loc":{"start":{"line":56,"column":4},"end":{"line":59,"column":40}},"type":"if","locations":[{"start":{"line":56,"column":4},"end":{"line":59,"column":40}},{"start":{"line":56,"column":4},"end":{"line":59,"column":40}}],"line":56},"3":{"loc":{"start":{"line":56,"column":8},"end":{"line":56,"column":42}},"type":"binary-expr","locations":[{"start":{"line":56,"column":8},"end":{"line":56,"column":17}},{"start":{"line":56,"column":21},"end":{"line":56,"column":42}}],"line":56},"4":{"loc":{"start":{"line":62,"column":4},"end":{"line":63,"column":38}},"type":"if","locations":[{"start":{"line":62,"column":4},"end":{"line":63,"column":38}},{"start":{"line":62,"column":4},"end":{"line":63,"column":38}}],"line":62},"5":{"loc":{"start":{"line":75,"column":4},"end":{"line":78,"column":40}},"type":"if","locations":[{"start":{"line":75,"column":4},"end":{"line":78,"column":40}},{"start":{"line":75,"column":4},"end":{"line":78,"column":40}}],"line":75},"6":{"loc":{"start":{"line":75,"column":8},"end":{"line":75,"column":42}},"type":"binary-expr","locations":[{"start":{"line":75,"column":8},"end":{"line":75,"column":17}},{"start":{"line":75,"column":21},"end":{"line":75,"column":42}}],"line":75}},"s":{"0":2,"1":2,"2":2,"3":2,"4":2,"5":2,"6":0,"7":0,"8":2,"9":0,"10":0,"11":0,"12":0,"13":2,"14":0,"15":0,"16":0,"17":0,"18":0,"19":0,"20":0,"21":0,"22":0,"23":0,"24":2,"25":0,"26":0,"27":0,"28":0,"29":0,"30":0,"31":0,"32":0,"33":2,"34":0,"35":0,"36":0,"37":0,"38":0,"39":2},"f":{"0":0,"1":0,"2":0,"3":0,"4":0},"b":{"0":[0,0],"1":[0,0],"2":[0,0],"3":[0,0],"4":[0,0],"5":[0,0],"6":[0,0]},"_coverageSchema":"332fd63041d2c1bcb487cc26dd0d5f7d97098a6c","hash":"0fa60993e7a671f7be290d0f9f6c031109deb47f"}
,"C:\\Users\\mgodin\\maze\\vidly\\routes\\genres.js": {"path":"C:\\Users\\mgodin\\maze\\vidly\\routes\\genres.js","statementMap":{"0":{"start":{"line":2,"column":25},"end":{"line":2,"column":66}},"1":{"start":{"line":3,"column":13},"end":{"line":3,"column":42}},"2":{"start":{"line":4,"column":14},"end":{"line":4,"column":44}},"3":{"start":{"line":5,"column":26},"end":{"line":5,"column":52}},"4":{"start":{"line":6,"column":17},"end":{"line":6,"column":36}},"5":{"start":{"line":8,"column":16},"end":{"line":8,"column":34}},"6":{"start":{"line":9,"column":15},"end":{"line":9,"column":31}},"7":{"start":{"line":25,"column":0},"end":{"line":46,"column":8}},"8":{"start":{"line":31,"column":19},"end":{"line":33,"column":25}},"9":{"start":{"line":34,"column":8},"end":{"line":34,"column":25}},"10":{"start":{"line":47,"column":0},"end":{"line":61,"column":3}},"11":{"start":{"line":54,"column":18},"end":{"line":55,"column":32}},"12":{"start":{"line":56,"column":4},"end":{"line":59,"column":36}},"13":{"start":{"line":57,"column":8},"end":{"line":59,"column":36}},"14":{"start":{"line":60,"column":4},"end":{"line":60,"column":20}},"15":{"start":{"line":66,"column":0},"end":{"line":92,"column":8}},"16":{"start":{"line":68,"column":22},"end":{"line":68,"column":40}},"17":{"start":{"line":70,"column":4},"end":{"line":71,"column":38}},"18":{"start":{"line":70,"column":15},"end":{"line":71,"column":38}},"19":{"start":{"line":72,"column":19},"end":{"line":74,"column":16}},"20":{"start":{"line":80,"column":18},"end":{"line":82,"column":6}},"21":{"start":{"line":84,"column":4},"end":{"line":90,"column":5}},"22":{"start":{"line":85,"column":23},"end":{"line":85,"column":41}},"23":{"start":{"line":87,"column":8},"end":{"line":89,"column":9}},"24":{"start":{"line":88,"column":12},"end":{"line":88,"column":50}},"25":{"start":{"line":91,"column":4},"end":{"line":91,"column":20}},"26":{"start":{"line":93,"column":0},"end":{"line":112,"column":3}},"27":{"start":{"line":96,"column":16},"end":{"line":97,"column":32}},"28":{"start":{"line":98,"column":4},"end":{"line":101,"column":40}},"29":{"start":{"line":99,"column":12},"end":{"line":101,"column":40}},"30":{"start":{"line":102,"column":22},"end":{"line":102,"column":40}},"31":{"start":{"line":104,"column":4},"end":{"line":105,"column":38}},"32":{"start":{"line":104,"column":15},"end":{"line":105,"column":38}},"33":{"start":{"line":107,"column":4},"end":{"line":110,"column":21}},"34":{"start":{"line":111,"column":4},"end":{"line":111,"column":20}},"35":{"start":{"line":113,"column":0},"end":{"line":127,"column":3}},"36":{"start":{"line":116,"column":18},"end":{"line":117,"column":32}},"37":{"start":{"line":118,"column":4},"end":{"line":121,"column":40}},"38":{"start":{"line":119,"column":12},"end":{"line":121,"column":40}},"39":{"start":{"line":124,"column":19},"end":{"line":125,"column":41}},"40":{"start":{"line":126,"column":4},"end":{"line":126,"column":20}},"41":{"start":{"line":134,"column":0},"end":{"line":134,"column":24}}},"fnMap":{"0":{"name":"(anonymous_0)","decl":{"start":{"line":26,"column":4},"end":{"line":26,"column":5}},"loc":{"start":{"line":26,"column":24},"end":{"line":46,"column":1}},"line":26},"1":{"name":"(anonymous_1)","decl":{"start":{"line":47,"column":37},"end":{"line":47,"column":38}},"loc":{"start":{"line":47,"column":57},"end":{"line":61,"column":1}},"line":47},"2":{"name":"(anonymous_2)","decl":{"start":{"line":67,"column":4},"end":{"line":67,"column":5}},"loc":{"start":{"line":67,"column":24},"end":{"line":92,"column":1}},"line":67},"3":{"name":"(anonymous_3)","decl":{"start":{"line":93,"column":25},"end":{"line":93,"column":26}},"loc":{"start":{"line":93,"column":45},"end":{"line":112,"column":1}},"line":93},"4":{"name":"(anonymous_4)","decl":{"start":{"line":113,"column":37},"end":{"line":113,"column":38}},"loc":{"start":{"line":113,"column":57},"end":{"line":127,"column":1}},"line":113}},"branchMap":{"0":{"loc":{"start":{"line":56,"column":4},"end":{"line":59,"column":36}},"type":"if","locations":[{"start":{"line":56,"column":4},"end":{"line":59,"column":36}},{"start":{"line":56,"column":4},"end":{"line":59,"column":36}}],"line":56},"1":{"loc":{"start":{"line":70,"column":4},"end":{"line":71,"column":38}},"type":"if","locations":[{"start":{"line":70,"column":4},"end":{"line":71,"column":38}},{"start":{"line":70,"column":4},"end":{"line":71,"column":38}}],"line":70},"2":{"loc":{"start":{"line":98,"column":4},"end":{"line":101,"column":40}},"type":"if","locations":[{"start":{"line":98,"column":4},"end":{"line":101,"column":40}},{"start":{"line":98,"column":4},"end":{"line":101,"column":40}}],"line":98},"3":{"loc":{"start":{"line":98,"column":8},"end":{"line":98,"column":36}},"type":"binary-expr","locations":[{"start":{"line":98,"column":8},"end":{"line":98,"column":14}},{"start":{"line":98,"column":18},"end":{"line":98,"column":36}}],"line":98},"4":{"loc":{"start":{"line":104,"column":4},"end":{"line":105,"column":38}},"type":"if","locations":[{"start":{"line":104,"column":4},"end":{"line":105,"column":38}},{"start":{"line":104,"column":4},"end":{"line":105,"column":38}}],"line":104},"5":{"loc":{"start":{"line":118,"column":4},"end":{"line":121,"column":40}},"type":"if","locations":[{"start":{"line":118,"column":4},"end":{"line":121,"column":40}},{"start":{"line":118,"column":4},"end":{"line":121,"column":40}}],"line":118},"6":{"loc":{"start":{"line":118,"column":8},"end":{"line":118,"column":36}},"type":"binary-expr","locations":[{"start":{"line":118,"column":8},"end":{"line":118,"column":14}},{"start":{"line":118,"column":18},"end":{"line":118,"column":36}}],"line":118}},"s":{"0":2,"1":2,"2":2,"3":2,"4":2,"5":2,"6":2,"7":2,"8":1,"9":1,"10":2,"11":1,"12":1,"13":0,"14":1,"15":2,"16":5,"17":5,"18":2,"19":3,"20":3,"21":3,"22":3,"23":0,"24":0,"25":3,"26":2,"27":0,"28":0,"29":0,"30":0,"31":0,"32":0,"33":0,"34":0,"35":2,"36":0,"37":0,"38":0,"39":0,"40":0,"41":2},"f":{"0":1,"1":1,"2":5,"3":0,"4":0},"b":{"0":[0,1],"1":[2,3],"2":[0,0],"3":[0,0],"4":[0,0],"5":[0,0],"6":[0,0]},"_coverageSchema":"332fd63041d2c1bcb487cc26dd0d5f7d97098a6c","hash":"54f963e3812ebcdd806db27867e2bddfceef0403"}
,"C:\\Users\\mgodin\\maze\\vidly\\routes\\movies.js": {"path":"C:\\Users\\mgodin\\maze\\vidly\\routes\\movies.js","statementMap":{"0":{"start":{"line":1,"column":13},"end":{"line":1,"column":42}},"1":{"start":{"line":2,"column":16},"end":{"line":2,"column":42}},"2":{"start":{"line":3,"column":26},"end":{"line":3,"column":52}},"3":{"start":{"line":4,"column":17},"end":{"line":4,"column":36}},"4":{"start":{"line":5,"column":16},"end":{"line":5,"column":34}},"5":{"start":{"line":6,"column":15},"end":{"line":6,"column":31}},"6":{"start":{"line":7,"column":0},"end":{"line":12,"column":3}},"7":{"start":{"line":8,"column":19},"end":{"line":10,"column":22}},"8":{"start":{"line":11,"column":4},"end":{"line":11,"column":21}},"9":{"start":{"line":13,"column":0},"end":{"line":21,"column":3}},"10":{"start":{"line":14,"column":18},"end":{"line":15,"column":32}},"11":{"start":{"line":16,"column":4},"end":{"line":19,"column":36}},"12":{"start":{"line":17,"column":8},"end":{"line":19,"column":36}},"13":{"start":{"line":20,"column":4},"end":{"line":20,"column":20}},"14":{"start":{"line":22,"column":0},"end":{"line":47,"column":3}},"15":{"start":{"line":23,"column":22},"end":{"line":23,"column":40}},"16":{"start":{"line":24,"column":4},"end":{"line":25,"column":38}},"17":{"start":{"line":24,"column":15},"end":{"line":25,"column":38}},"18":{"start":{"line":26,"column":18},"end":{"line":27,"column":55}},"19":{"start":{"line":28,"column":4},"end":{"line":29,"column":52}},"20":{"start":{"line":28,"column":16},"end":{"line":29,"column":52}},"21":{"start":{"line":30,"column":18},"end":{"line":38,"column":6}},"22":{"start":{"line":39,"column":4},"end":{"line":45,"column":5}},"23":{"start":{"line":40,"column":23},"end":{"line":40,"column":41}},"24":{"start":{"line":42,"column":8},"end":{"line":44,"column":9}},"25":{"start":{"line":43,"column":12},"end":{"line":43,"column":50}},"26":{"start":{"line":46,"column":4},"end":{"line":46,"column":20}},"27":{"start":{"line":48,"column":0},"end":{"line":76,"column":3}},"28":{"start":{"line":49,"column":16},"end":{"line":50,"column":32}},"29":{"start":{"line":51,"column":4},"end":{"line":54,"column":40}},"30":{"start":{"line":52,"column":12},"end":{"line":54,"column":40}},"31":{"start":{"line":55,"column":22},"end":{"line":55,"column":40}},"32":{"start":{"line":56,"column":4},"end":{"line":57,"column":38}},"33":{"start":{"line":56,"column":15},"end":{"line":57,"column":38}},"34":{"start":{"line":58,"column":26},"end":{"line":59,"column":39}},"35":{"start":{"line":60,"column":4},"end":{"line":61,"column":36}},"36":{"start":{"line":60,"column":16},"end":{"line":61,"column":36}},"37":{"start":{"line":62,"column":4},"end":{"line":74,"column":21}},"38":{"start":{"line":75,"column":4},"end":{"line":75,"column":20}},"39":{"start":{"line":77,"column":0},"end":{"line":87,"column":3}},"40":{"start":{"line":78,"column":18},"end":{"line":79,"column":32}},"41":{"start":{"line":80,"column":4},"end":{"line":83,"column":40}},"42":{"start":{"line":81,"column":12},"end":{"line":83,"column":40}},"43":{"start":{"line":84,"column":19},"end":{"line":85,"column":41}},"44":{"start":{"line":86,"column":4},"end":{"line":86,"column":20}},"45":{"start":{"line":88,"column":0},"end":{"line":88,"column":24}}},"fnMap":{"0":{"name":"(anonymous_0)","decl":{"start":{"line":7,"column":16},"end":{"line":7,"column":17}},"loc":{"start":{"line":7,"column":36},"end":{"line":12,"column":1}},"line":7},"1":{"name":"(anonymous_1)","decl":{"start":{"line":13,"column":19},"end":{"line":13,"column":20}},"loc":{"start":{"line":13,"column":39},"end":{"line":21,"column":1}},"line":13},"2":{"name":"(anonymous_2)","decl":{"start":{"line":22,"column":23},"end":{"line":22,"column":24}},"loc":{"start":{"line":22,"column":43},"end":{"line":47,"column":1}},"line":22},"3":{"name":"(anonymous_3)","decl":{"start":{"line":48,"column":25},"end":{"line":48,"column":26}},"loc":{"start":{"line":48,"column":45},"end":{"line":76,"column":1}},"line":48},"4":{"name":"(anonymous_4)","decl":{"start":{"line":77,"column":28},"end":{"line":77,"column":29}},"loc":{"start":{"line":77,"column":48},"end":{"line":87,"column":1}},"line":77}},"branchMap":{"0":{"loc":{"start":{"line":16,"column":4},"end":{"line":19,"column":36}},"type":"if","locations":[{"start":{"line":16,"column":4},"end":{"line":19,"column":36}},{"start":{"line":16,"column":4},"end":{"line":19,"column":36}}],"line":16},"1":{"loc":{"start":{"line":24,"column":4},"end":{"line":25,"column":38}},"type":"if","locations":[{"start":{"line":24,"column":4},"end":{"line":25,"column":38}},{"start":{"line":24,"column":4},"end":{"line":25,"column":38}}],"line":24},"2":{"loc":{"start":{"line":28,"column":4},"end":{"line":29,"column":52}},"type":"if","locations":[{"start":{"line":28,"column":4},"end":{"line":29,"column":52}},{"start":{"line":28,"column":4},"end":{"line":29,"column":52}}],"line":28},"3":{"loc":{"start":{"line":51,"column":4},"end":{"line":54,"column":40}},"type":"if","locations":[{"start":{"line":51,"column":4},"end":{"line":54,"column":40}},{"start":{"line":51,"column":4},"end":{"line":54,"column":40}}],"line":51},"4":{"loc":{"start":{"line":51,"column":8},"end":{"line":51,"column":36}},"type":"binary-expr","locations":[{"start":{"line":51,"column":8},"end":{"line":51,"column":14}},{"start":{"line":51,"column":18},"end":{"line":51,"column":36}}],"line":51},"5":{"loc":{"start":{"line":56,"column":4},"end":{"line":57,"column":38}},"type":"if","locations":[{"start":{"line":56,"column":4},"end":{"line":57,"column":38}},{"start":{"line":56,"column":4},"end":{"line":57,"column":38}}],"line":56},"6":{"loc":{"start":{"line":60,"column":4},"end":{"line":61,"column":36}},"type":"if","locations":[{"start":{"line":60,"column":4},"end":{"line":61,"column":36}},{"start":{"line":60,"column":4},"end":{"line":61,"column":36}}],"line":60},"7":{"loc":{"start":{"line":80,"column":4},"end":{"line":83,"column":40}},"type":"if","locations":[{"start":{"line":80,"column":4},"end":{"line":83,"column":40}},{"start":{"line":80,"column":4},"end":{"line":83,"column":40}}],"line":80},"8":{"loc":{"start":{"line":80,"column":8},"end":{"line":80,"column":36}},"type":"binary-expr","locations":[{"start":{"line":80,"column":8},"end":{"line":80,"column":14}},{"start":{"line":80,"column":18},"end":{"line":80,"column":36}}],"line":80}},"s":{"0":2,"1":2,"2":2,"3":2,"4":2,"5":2,"6":2,"7":0,"8":0,"9":2,"10":0,"11":0,"12":0,"13":0,"14":2,"15":0,"16":0,"17":0,"18":0,"19":0,"20":0,"21":0,"22":0,"23":0,"24":0,"25":0,"26":0,"27":2,"28":0,"29":0,"30":0,"31":0,"32":0,"33":0,"34":0,"35":0,"36":0,"37":0,"38":0,"39":2,"40":0,"41":0,"42":0,"43":0,"44":0,"45":2},"f":{"0":0,"1":0,"2":0,"3":0,"4":0},"b":{"0":[0,0],"1":[0,0],"2":[0,0],"3":[0,0],"4":[0,0],"5":[0,0],"6":[0,0],"7":[0,0],"8":[0,0]},"_coverageSchema":"332fd63041d2c1bcb487cc26dd0d5f7d97098a6c","hash":"1e1cc1bf0f7f8b2f1f884f5523a26fcee3c26c71"}
,"C:\\Users\\mgodin\\maze\\vidly\\routes\\rentals.js": {"path":"C:\\Users\\mgodin\\maze\\vidly\\routes\\rentals.js","statementMap":{"0":{"start":{"line":1,"column":13},"end":{"line":1,"column":42}},"1":{"start":{"line":2,"column":26},"end":{"line":2,"column":53}},"2":{"start":{"line":3,"column":16},"end":{"line":3,"column":42}},"3":{"start":{"line":4,"column":19},"end":{"line":4,"column":48}},"4":{"start":{"line":5,"column":17},"end":{"line":5,"column":36}},"5":{"start":{"line":6,"column":13},"end":{"line":6,"column":28}},"6":{"start":{"line":7,"column":16},"end":{"line":7,"column":34}},"7":{"start":{"line":8,"column":15},"end":{"line":8,"column":31}},"8":{"start":{"line":9,"column":0},"end":{"line":9,"column":20}},"9":{"start":{"line":10,"column":0},"end":{"line":15,"column":3}},"10":{"start":{"line":11,"column":20},"end":{"line":13,"column":25}},"11":{"start":{"line":14,"column":4},"end":{"line":14,"column":22}},"12":{"start":{"line":16,"column":0},"end":{"line":85,"column":3}},"13":{"start":{"line":17,"column":22},"end":{"line":17,"column":40}},"14":{"start":{"line":18,"column":4},"end":{"line":19,"column":38}},"15":{"start":{"line":18,"column":15},"end":{"line":19,"column":38}},"16":{"start":{"line":27,"column":21},"end":{"line":28,"column":50}},"17":{"start":{"line":29,"column":4},"end":{"line":31,"column":38}},"18":{"start":{"line":30,"column":8},"end":{"line":31,"column":38}},"19":{"start":{"line":32,"column":18},"end":{"line":33,"column":47}},"20":{"start":{"line":34,"column":4},"end":{"line":36,"column":36}},"21":{"start":{"line":35,"column":8},"end":{"line":36,"column":36}},"22":{"start":{"line":37,"column":4},"end":{"line":39,"column":42}},"23":{"start":{"line":38,"column":8},"end":{"line":39,"column":42}},"24":{"start":{"line":40,"column":17},"end":{"line":51,"column":6}},"25":{"start":{"line":70,"column":4},"end":{"line":84,"column":5}},"26":{"start":{"line":71,"column":8},"end":{"line":76,"column":15}},"27":{"start":{"line":77,"column":8},"end":{"line":77,"column":25}},"28":{"start":{"line":79,"column":8},"end":{"line":79,"column":50}},"29":{"start":{"line":86,"column":0},"end":{"line":86,"column":24}}},"fnMap":{"0":{"name":"(anonymous_0)","decl":{"start":{"line":10,"column":16},"end":{"line":10,"column":17}},"loc":{"start":{"line":10,"column":36},"end":{"line":15,"column":1}},"line":10},"1":{"name":"(anonymous_1)","decl":{"start":{"line":16,"column":23},"end":{"line":16,"column":24}},"loc":{"start":{"line":16,"column":43},"end":{"line":85,"column":1}},"line":16}},"branchMap":{"0":{"loc":{"start":{"line":18,"column":4},"end":{"line":19,"column":38}},"type":"if","locations":[{"start":{"line":18,"column":4},"end":{"line":19,"column":38}},{"start":{"line":18,"column":4},"end":{"line":19,"column":38}}],"line":18},"1":{"loc":{"start":{"line":29,"column":4},"end":{"line":31,"column":38}},"type":"if","locations":[{"start":{"line":29,"column":4},"end":{"line":31,"column":38}},{"start":{"line":29,"column":4},"end":{"line":31,"column":38}}],"line":29},"2":{"loc":{"start":{"line":34,"column":4},"end":{"line":36,"column":36}},"type":"if","locations":[{"start":{"line":34,"column":4},"end":{"line":36,"column":36}},{"start":{"line":34,"column":4},"end":{"line":36,"column":36}}],"line":34},"3":{"loc":{"start":{"line":37,"column":4},"end":{"line":39,"column":42}},"type":"if","locations":[{"start":{"line":37,"column":4},"end":{"line":39,"column":42}},{"start":{"line":37,"column":4},"end":{"line":39,"column":42}}],"line":37}},"s":{"0":2,"1":2,"2":2,"3":2,"4":2,"5":2,"6":2,"7":2,"8":2,"9":2,"10":0,"11":0,"12":2,"13":0,"14":0,"15":0,"16":0,"17":0,"18":0,"19":0,"20":0,"21":0,"22":0,"23":0,"24":0,"25":0,"26":0,"27":0,"28":0,"29":2},"f":{"0":0,"1":0},"b":{"0":[0,0],"1":[0,0],"2":[0,0],"3":[0,0]},"_coverageSchema":"332fd63041d2c1bcb487cc26dd0d5f7d97098a6c","hash":"59d8752ec3ed7aab35cc4e6326b3cd4551965e78"}
,"C:\\Users\\mgodin\\maze\\vidly\\routes\\users.js": {"path":"C:\\Users\\mgodin\\maze\\vidly\\routes\\users.js","statementMap":{"0":{"start":{"line":1,"column":13},"end":{"line":1,"column":42}},"1":{"start":{"line":15,"column":15},"end":{"line":15,"column":32}},"2":{"start":{"line":16,"column":10},"end":{"line":16,"column":27}},"3":{"start":{"line":17,"column":25},"end":{"line":17,"column":50}},"4":{"start":{"line":18,"column":17},"end":{"line":18,"column":36}},"5":{"start":{"line":19,"column":16},"end":{"line":19,"column":34}},"6":{"start":{"line":20,"column":15},"end":{"line":20,"column":31}},"7":{"start":{"line":21,"column":0},"end":{"line":25,"column":3}},"8":{"start":{"line":22,"column":17},"end":{"line":23,"column":47}},"9":{"start":{"line":24,"column":4},"end":{"line":24,"column":19}},"10":{"start":{"line":32,"column":0},"end":{"line":60,"column":3}},"11":{"start":{"line":33,"column":22},"end":{"line":33,"column":40}},"12":{"start":{"line":34,"column":4},"end":{"line":35,"column":38}},"13":{"start":{"line":34,"column":15},"end":{"line":35,"column":38}},"14":{"start":{"line":37,"column":8},"end":{"line":37,"column":53}},"15":{"start":{"line":38,"column":4},"end":{"line":39,"column":42}},"16":{"start":{"line":38,"column":14},"end":{"line":39,"column":42}},"17":{"start":{"line":45,"column":4},"end":{"line":47,"column":42}},"18":{"start":{"line":48,"column":17},"end":{"line":48,"column":41}},"19":{"start":{"line":49,"column":4},"end":{"line":50,"column":44}},"20":{"start":{"line":51,"column":4},"end":{"line":51,"column":22}},"21":{"start":{"line":56,"column":18},"end":{"line":56,"column":42}},"22":{"start":{"line":57,"column":4},"end":{"line":59,"column":47}},"23":{"start":{"line":66,"column":0},"end":{"line":66,"column":24}}},"fnMap":{"0":{"name":"(anonymous_0)","decl":{"start":{"line":21,"column":24},"end":{"line":21,"column":25}},"loc":{"start":{"line":21,"column":43},"end":{"line":25,"column":1}},"line":21},"1":{"name":"(anonymous_1)","decl":{"start":{"line":32,"column":17},"end":{"line":32,"column":18}},"loc":{"start":{"line":32,"column":37},"end":{"line":60,"column":1}},"line":32}},"branchMap":{"0":{"loc":{"start":{"line":34,"column":4},"end":{"line":35,"column":38}},"type":"if","locations":[{"start":{"line":34,"column":4},"end":{"line":35,"column":38}},{"start":{"line":34,"column":4},"end":{"line":35,"column":38}}],"line":34},"1":{"loc":{"start":{"line":38,"column":4},"end":{"line":39,"column":42}},"type":"if","locations":[{"start":{"line":38,"column":4},"end":{"line":39,"column":42}},{"start":{"line":38,"column":4},"end":{"line":39,"column":42}}],"line":38}},"s":{"0":2,"1":2,"2":2,"3":2,"4":2,"5":2,"6":2,"7":2,"8":0,"9":0,"10":2,"11":0,"12":0,"13":0,"14":0,"15":0,"16":0,"17":0,"18":0,"19":0,"20":0,"21":0,"22":0,"23":2},"f":{"0":0,"1":0},"b":{"0":[0,0],"1":[0,0]},"_coverageSchema":"332fd63041d2c1bcb487cc26dd0d5f7d97098a6c","hash":"a65f6d22e7d58b9a9c3eee0bd5aaa864e0fdecf5"}
,"C:\\Users\\mgodin\\maze\\vidly\\startup\\config.js": {"path":"C:\\Users\\mgodin\\maze\\vidly\\startup\\config.js","statementMap":{"0":{"start":{"line":1,"column":15},"end":{"line":1,"column":32}},"1":{"start":{"line":2,"column":0},"end":{"line":13,"column":1}},"2":{"start":{"line":3,"column":4},"end":{"line":12,"column":5}},"3":{"start":{"line":4,"column":8},"end":{"line":5,"column":43}}},"fnMap":{"0":{"name":"(anonymous_0)","decl":{"start":{"line":2,"column":17},"end":{"line":2,"column":18}},"loc":{"start":{"line":2,"column":28},"end":{"line":13,"column":1}},"line":2}},"branchMap":{"0":{"loc":{"start":{"line":3,"column":4},"end":{"line":12,"column":5}},"type":"if","locations":[{"start":{"line":3,"column":4},"end":{"line":12,"column":5}},{"start":{"line":3,"column":4},"end":{"line":12,"column":5}}],"line":3}},"s":{"0":2,"1":2,"2":2,"3":0},"f":{"0":2},"b":{"0":[0,2]},"_coverageSchema":"332fd63041d2c1bcb487cc26dd0d5f7d97098a6c","hash":"96b7f8fa545f95510b1d81fef6467b52cd3f7375"}
,"C:\\Users\\mgodin\\maze\\vidly\\startup\\db.js": {"path":"C:\\Users\\mgodin\\maze\\vidly\\startup\\db.js","statementMap":{"0":{"start":{"line":1,"column":16},"end":{"line":1,"column":34}},"1":{"start":{"line":2,"column":17},"end":{"line":2,"column":36}},"2":{"start":{"line":3,"column":15},"end":{"line":3,"column":32}},"3":{"start":{"line":4,"column":0},"end":{"line":11,"column":1}},"4":{"start":{"line":5,"column":15},"end":{"line":5,"column":31}},"5":{"start":{"line":7,"column":4},"end":{"line":10,"column":38}},"6":{"start":{"line":8,"column":20},"end":{"line":10,"column":36}}},"fnMap":{"0":{"name":"(anonymous_0)","decl":{"start":{"line":4,"column":17},"end":{"line":4,"column":18}},"loc":{"start":{"line":4,"column":28},"end":{"line":11,"column":1}},"line":4},"1":{"name":"(anonymous_1)","decl":{"start":{"line":8,"column":14},"end":{"line":8,"column":15}},"loc":{"start":{"line":8,"column":20},"end":{"line":10,"column":36}},"line":8}},"branchMap":{},"s":{"0":2,"1":2,"2":2,"3":2,"4":2,"5":2,"6":2},"f":{"0":2,"1":2},"b":{},"_coverageSchema":"332fd63041d2c1bcb487cc26dd0d5f7d97098a6c","hash":"960cb009fc1105db80b78f9f807d6410b93ecf26"}
,"C:\\Users\\mgodin\\maze\\vidly\\startup\\logging.js": {"path":"C:\\Users\\mgodin\\maze\\vidly\\startup\\logging.js","statementMap":{"0":{"start":{"line":1,"column":0},"end":{"line":1,"column":32}},"1":{"start":{"line":2,"column":16},"end":{"line":2,"column":34}},"2":{"start":{"line":4,"column":0},"end":{"line":22,"column":1}},"3":{"start":{"line":5,"column":4},"end":{"line":11,"column":8}},"4":{"start":{"line":12,"column":4},"end":{"line":14,"column":7}},"5":{"start":{"line":13,"column":8},"end":{"line":13,"column":17}},"6":{"start":{"line":15,"column":4},"end":{"line":16,"column":38}}},"fnMap":{"0":{"name":"(anonymous_0)","decl":{"start":{"line":4,"column":17},"end":{"line":4,"column":18}},"loc":{"start":{"line":4,"column":28},"end":{"line":22,"column":1}},"line":4},"1":{"name":"(anonymous_1)","decl":{"start":{"line":12,"column":37},"end":{"line":12,"column":38}},"loc":{"start":{"line":12,"column":45},"end":{"line":14,"column":5}},"line":12}},"branchMap":{},"s":{"0":2,"1":2,"2":2,"3":2,"4":2,"5":0,"6":2},"f":{"0":2,"1":0},"b":{},"_coverageSchema":"332fd63041d2c1bcb487cc26dd0d5f7d97098a6c","hash":"1f034ade87a07152d97ca0db0ee53c9529342948"}
,"C:\\Users\\mgodin\\maze\\vidly\\startup\\routes.js": {"path":"C:\\Users\\mgodin\\maze\\vidly\\startup\\routes.js","statementMap":{"0":{"start":{"line":1,"column":16},"end":{"line":1,"column":34}},"1":{"start":{"line":2,"column":15},"end":{"line":2,"column":42}},"2":{"start":{"line":3,"column":18},"end":{"line":3,"column":48}},"3":{"start":{"line":4,"column":15},"end":{"line":4,"column":42}},"4":{"start":{"line":5,"column":16},"end":{"line":5,"column":44}},"5":{"start":{"line":6,"column":14},"end":{"line":6,"column":40}},"6":{"start":{"line":7,"column":13},"end":{"line":7,"column":38}},"7":{"start":{"line":8,"column":14},"end":{"line":8,"column":44}},"8":{"start":{"line":9,"column":0},"end":{"line":17,"column":1}},"9":{"start":{"line":10,"column":4},"end":{"line":10,"column":35}},"10":{"start":{"line":11,"column":4},"end":{"line":11,"column":41}},"11":{"start":{"line":12,"column":4},"end":{"line":12,"column":35}},"12":{"start":{"line":13,"column":4},"end":{"line":13,"column":37}},"13":{"start":{"line":14,"column":4},"end":{"line":14,"column":33}},"14":{"start":{"line":15,"column":4},"end":{"line":15,"column":31}},"15":{"start":{"line":16,"column":4},"end":{"line":16,"column":19}}},"fnMap":{"0":{"name":"(anonymous_0)","decl":{"start":{"line":9,"column":17},"end":{"line":9,"column":18}},"loc":{"start":{"line":9,"column":31},"end":{"line":17,"column":1}},"line":9}},"branchMap":{},"s":{"0":2,"1":2,"2":2,"3":2,"4":2,"5":2,"6":2,"7":2,"8":2,"9":2,"10":2,"11":2,"12":2,"13":2,"14":2,"15":2},"f":{"0":2},"b":{},"_coverageSchema":"332fd63041d2c1bcb487cc26dd0d5f7d97098a6c","hash":"d15c93ce4f14c7eee2685a57574d010d97ef29b6"}
,"C:\\Users\\mgodin\\maze\\vidly\\startup\\validation.js": {"path":"C:\\Users\\mgodin\\maze\\vidly\\startup\\validation.js","statementMap":{"0":{"start":{"line":1,"column":12},"end":{"line":1,"column":26}},"1":{"start":{"line":2,"column":0},"end":{"line":4,"column":1}},"2":{"start":{"line":3,"column":4},"end":{"line":3,"column":48}}},"fnMap":{"0":{"name":"(anonymous_0)","decl":{"start":{"line":2,"column":17},"end":{"line":2,"column":18}},"loc":{"start":{"line":2,"column":28},"end":{"line":4,"column":1}},"line":2}},"branchMap":{},"s":{"0":2,"1":2,"2":2},"f":{"0":2},"b":{},"_coverageSchema":"332fd63041d2c1bcb487cc26dd0d5f7d97098a6c","hash":"5d8ce7bbba5969b57f5e91fbcffea6a80a1c58d4"}
}
