TN:
SF:C:\Users\mgodin\maze\vidly\index.js
FN:75,(anonymous_0)
FNF:1
FNH:1
FNDA:2,(anonymous_0)
DA:2,2
DA:9,2
DA:10,2
DA:11,2
DA:12,2
DA:13,2
DA:14,2
DA:15,2
DA:16,2
DA:74,2
DA:75,2
DA:78,2
DA:79,2
LF:13
LH:13
BRDA:74,0,0,2
BRDA:74,0,1,2
BRF:2
BRH:2
end_of_record
TN:
SF:C:\Users\mgodin\maze\vidly\middleware\admin.js
FN:8,(anonymous_0)
FNF:1
FNH:0
FNDA:0,(anonymous_0)
DA:8,2
DA:12,0
DA:14,0
LF:3
LH:1
BRDA:12,0,0,0
BRDA:12,0,1,0
BRF:2
BRH:0
end_of_record
TN:
SF:C:\Users\mgodin\maze\vidly\middleware\auth.js
FN:4,(anonymous_0)
FNF:1
FNH:1
FNDA:8,(anonymous_0)
DA:1,2
DA:2,2
DA:4,2
DA:5,8
DA:6,8
DA:8,6
DA:9,6
DA:11,5
DA:12,5
DA:14,1
LF:10
LH:10
BRDA:6,0,0,2
BRDA:6,0,1,6
BRF:2
BRH:2
end_of_record
TN:
SF:C:\Users\mgodin\maze\vidly\middleware\error.js
FN:2,(anonymous_0)
FNF:1
FNH:0
FNDA:0,(anonymous_0)
DA:1,2
DA:2,2
DA:5,0
DA:9,0
LF:4
LH:2
BRF:0
BRH:0
end_of_record
TN:
SF:C:\Users\mgodin\maze\vidly\middleware\validateObjectId.js
FN:5,(anonymous_0)
FNF:1
FNH:1
FNDA:2,(anonymous_0)
DA:3,2
DA:5,2
DA:6,2
DA:7,1
DA:9,1
LF:5
LH:5
BRDA:6,0,0,1
BRDA:6,0,1,1
BRF:2
BRH:2
end_of_record
TN:
SF:C:\Users\mgodin\maze\vidly\models\customer.js
FN:11,validateCustomer
FNF:1
FNH:0
FNDA:0,validateCustomer
DA:1,2
DA:2,2
DA:3,2
DA:12,0
DA:17,0
DA:19,2
DA:20,2
LF:7
LH:5
BRF:0
BRH:0
end_of_record
TN:
SF:C:\Users\mgodin\maze\vidly\models\genre.js
FN:8,validateGenre
FNF:1
FNH:1
FNDA:5,validateGenre
DA:1,2
DA:2,2
DA:3,2
DA:7,2
DA:9,5
DA:12,5
DA:14,2
DA:15,2
DA:16,2
LF:9
LH:9
BRF:0
BRH:0
end_of_record
TN:
SF:C:\Users\mgodin\maze\vidly\models\movie.js
FN:15,validateMovie
FNF:1
FNH:0
FNDA:0,validateMovie
DA:1,2
DA:2,2
DA:3,2
DA:4,2
DA:13,2
DA:16,0
DA:25,0
DA:27,2
DA:28,2
DA:29,2
LF:10
LH:8
BRF:0
BRH:0
end_of_record
TN:
SF:C:\Users\mgodin\maze\vidly\models\rental.js
FN:62,validateRental
FNF:1
FNH:0
FNDA:0,validateRental
DA:1,2
DA:2,2
DA:3,2
DA:4,2
DA:8,2
DA:65,0
DA:71,0
DA:73,2
DA:74,2
LF:9
LH:7
BRF:0
BRH:0
end_of_record
TN:
SF:C:\Users\mgodin\maze\vidly\models\user.js
FN:21,(anonymous_0)
FN:27,validateUser
FNF:2
FNH:1
FNDA:9,(anonymous_0)
FNDA:0,validateUser
DA:1,3
DA:2,3
DA:3,3
DA:4,3
DA:5,3
DA:21,3
DA:22,9
DA:26,3
DA:28,0
DA:35,0
DA:37,3
DA:38,3
LF:12
LH:10
BRF:0
BRH:0
end_of_record
TN:
SF:C:\Users\mgodin\maze\vidly\routes\auth.js
FN:10,(anonymous_0)
FN:39,validate
FNF:2
FNH:0
FNDA:0,(anonymous_0)
FNDA:0,validate
DA:3,2
DA:4,2
DA:5,2
DA:6,2
DA:7,2
DA:8,2
DA:9,2
DA:10,2
DA:11,0
DA:12,0
DA:15,0
DA:16,0
DA:19,0
DA:21,0
DA:23,0
DA:33,0
DA:40,0
DA:46,0
DA:49,2
LF:19
LH:9
BRDA:12,0,0,0
BRDA:12,0,1,0
BRDA:16,1,0,0
BRDA:16,1,1,0
BRDA:21,2,0,0
BRDA:21,2,1,0
BRF:6
BRH:0
end_of_record
TN:
SF:C:\Users\mgodin\maze\vidly\routes\customers.js
FN:16,(anonymous_0)
FN:22,(anonymous_1)
FN:31,(anonymous_2)
FN:53,(anonymous_3)
FN:72,(anonymous_4)
FNF:5
FNH:0
FNDA:0,(anonymous_0)
FNDA:0,(anonymous_1)
FNDA:0,(anonymous_2)
FNDA:0,(anonymous_3)
FNDA:0,(anonymous_4)
DA:1,2
DA:3,2
DA:4,2
DA:6,2
DA:7,2
DA:16,2
DA:17,0
DA:20,0
DA:22,2
DA:23,0
DA:25,0
DA:26,0
DA:29,0
DA:31,2
DA:32,0
DA:34,0
DA:36,0
DA:39,0
DA:44,0
DA:45,0
DA:47,0
DA:48,0
DA:51,0
DA:53,2
DA:54,0
DA:56,0
DA:57,0
DA:60,0
DA:62,0
DA:64,0
DA:70,0
DA:72,2
DA:73,0
DA:75,0
DA:76,0
DA:79,0
DA:81,0
DA:91,2
LF:38
LH:11
BRDA:25,0,0,0
BRDA:25,0,1,0
BRDA:34,1,0,0
BRDA:34,1,1,0
BRDA:56,2,0,0
BRDA:56,2,1,0
BRDA:56,3,0,0
BRDA:56,3,1,0
BRDA:62,4,0,0
BRDA:62,4,1,0
BRDA:75,5,0,0
BRDA:75,5,1,0
BRDA:75,6,0,0
BRDA:75,6,1,0
BRF:14
BRH:0
end_of_record
TN:
SF:C:\Users\mgodin\maze\vidly\routes\genres.js
FN:26,(anonymous_0)
FN:47,(anonymous_1)
FN:67,(anonymous_2)
FN:93,(anonymous_3)
FN:113,(anonymous_4)
FNF:5
FNH:3
FNDA:1,(anonymous_0)
FNDA:1,(anonymous_1)
FNDA:5,(anonymous_2)
FNDA:0,(anonymous_3)
FNDA:0,(anonymous_4)
DA:2,2
DA:3,2
DA:4,2
DA:5,2
DA:6,2
DA:8,2
DA:9,2
DA:25,2
DA:31,1
DA:34,1
DA:47,2
DA:54,1
DA:56,1
DA:57,0
DA:60,1
DA:66,2
DA:68,5
DA:70,5
DA:72,3
DA:80,3
DA:84,3
DA:85,3
DA:87,0
DA:88,0
DA:91,3
DA:93,2
DA:96,0
DA:98,0
DA:99,0
DA:102,0
DA:104,0
DA:107,0
DA:111,0
DA:113,2
DA:116,0
DA:118,0
DA:119,0
DA:124,0
DA:126,0
DA:134,2
LF:40
LH:25
BRDA:56,0,0,0
BRDA:56,0,1,1
BRDA:70,1,0,2
BRDA:70,1,1,3
BRDA:98,2,0,0
BRDA:98,2,1,0
BRDA:98,3,0,0
BRDA:98,3,1,0
BRDA:104,4,0,0
BRDA:104,4,1,0
BRDA:118,5,0,0
BRDA:118,5,1,0
BRDA:118,6,0,0
BRDA:118,6,1,0
BRF:14
BRH:3
end_of_record
TN:
SF:C:\Users\mgodin\maze\vidly\routes\movies.js
FN:7,(anonymous_0)
FN:13,(anonymous_1)
FN:22,(anonymous_2)
FN:48,(anonymous_3)
FN:77,(anonymous_4)
FNF:5
FNH:0
FNDA:0,(anonymous_0)
FNDA:0,(anonymous_1)
FNDA:0,(anonymous_2)
FNDA:0,(anonymous_3)
FNDA:0,(anonymous_4)
DA:1,2
DA:2,2
DA:3,2
DA:4,2
DA:5,2
DA:6,2
DA:7,2
DA:8,0
DA:11,0
DA:13,2
DA:14,0
DA:16,0
DA:17,0
DA:20,0
DA:22,2
DA:23,0
DA:24,0
DA:26,0
DA:28,0
DA:30,0
DA:39,0
DA:40,0
DA:42,0
DA:43,0
DA:46,0
DA:48,2
DA:49,0
DA:51,0
DA:52,0
DA:55,0
DA:56,0
DA:58,0
DA:60,0
DA:62,0
DA:75,0
DA:77,2
DA:78,0
DA:80,0
DA:81,0
DA:84,0
DA:86,0
DA:88,2
LF:42
LH:12
BRDA:16,0,0,0
BRDA:16,0,1,0
BRDA:24,1,0,0
BRDA:24,1,1,0
BRDA:28,2,0,0
BRDA:28,2,1,0
BRDA:51,3,0,0
BRDA:51,3,1,0
BRDA:51,4,0,0
BRDA:51,4,1,0
BRDA:56,5,0,0
BRDA:56,5,1,0
BRDA:60,6,0,0
BRDA:60,6,1,0
BRDA:80,7,0,0
BRDA:80,7,1,0
BRDA:80,8,0,0
BRDA:80,8,1,0
BRF:18
BRH:0
end_of_record
TN:
SF:C:\Users\mgodin\maze\vidly\routes\rentals.js
FN:10,(anonymous_0)
FN:16,(anonymous_1)
FNF:2
FNH:0
FNDA:0,(anonymous_0)
FNDA:0,(anonymous_1)
DA:1,2
DA:2,2
DA:3,2
DA:4,2
DA:5,2
DA:6,2
DA:7,2
DA:8,2
DA:9,2
DA:10,2
DA:11,0
DA:14,0
DA:16,2
DA:17,0
DA:18,0
DA:27,0
DA:29,0
DA:30,0
DA:32,0
DA:34,0
DA:35,0
DA:37,0
DA:38,0
DA:40,0
DA:70,0
DA:71,0
DA:77,0
DA:79,0
DA:86,2
LF:29
LH:12
BRDA:18,0,0,0
BRDA:18,0,1,0
BRDA:29,1,0,0
BRDA:29,1,1,0
BRDA:34,2,0,0
BRDA:34,2,1,0
BRDA:37,3,0,0
BRDA:37,3,1,0
BRF:8
BRH:0
end_of_record
TN:
SF:C:\Users\mgodin\maze\vidly\routes\users.js
FN:21,(anonymous_0)
FN:32,(anonymous_1)
FNF:2
FNH:0
FNDA:0,(anonymous_0)
FNDA:0,(anonymous_1)
DA:1,2
DA:15,2
DA:16,2
DA:17,2
DA:18,2
DA:19,2
DA:20,2
DA:21,2
DA:22,0
DA:24,0
DA:32,2
DA:33,0
DA:34,0
DA:37,0
DA:38,0
DA:45,0
DA:48,0
DA:49,0
DA:51,0
DA:56,0
DA:57,0
DA:66,2
LF:22
LH:10
BRDA:34,0,0,0
BRDA:34,0,1,0
BRDA:38,1,0,0
BRDA:38,1,1,0
BRF:4
BRH:0
end_of_record
TN:
SF:C:\Users\mgodin\maze\vidly\startup\config.js
FN:2,(anonymous_0)
FNF:1
FNH:1
FNDA:2,(anonymous_0)
DA:1,2
DA:2,2
DA:3,2
DA:4,0
LF:4
LH:3
BRDA:3,0,0,0
BRDA:3,0,1,2
BRF:2
BRH:1
end_of_record
TN:
SF:C:\Users\mgodin\maze\vidly\startup\db.js
FN:4,(anonymous_0)
FN:8,(anonymous_1)
FNF:2
FNH:2
FNDA:2,(anonymous_0)
FNDA:2,(anonymous_1)
DA:1,2
DA:2,2
DA:3,2
DA:4,2
DA:5,2
DA:7,2
DA:8,2
LF:7
LH:7
BRF:0
BRH:0
end_of_record
TN:
SF:C:\Users\mgodin\maze\vidly\startup\logging.js
FN:4,(anonymous_0)
FN:12,(anonymous_1)
FNF:2
FNH:1
FNDA:2,(anonymous_0)
FNDA:0,(anonymous_1)
DA:1,2
DA:2,2
DA:4,2
DA:5,2
DA:12,2
DA:13,0
DA:15,2
LF:7
LH:6
BRF:0
BRH:0
end_of_record
TN:
SF:C:\Users\mgodin\maze\vidly\startup\routes.js
FN:9,(anonymous_0)
FNF:1
FNH:1
FNDA:2,(anonymous_0)
DA:1,2
DA:2,2
DA:3,2
DA:4,2
DA:5,2
DA:6,2
DA:7,2
DA:8,2
DA:9,2
DA:10,2
DA:11,2
DA:12,2
DA:13,2
DA:14,2
DA:15,2
DA:16,2
LF:16
LH:16
BRF:0
BRH:0
end_of_record
TN:
SF:C:\Users\mgodin\maze\vidly\startup\validation.js
FN:2,(anonymous_0)
FNF:1
FNH:1
FNDA:2,(anonymous_0)
DA:1,2
DA:2,2
DA:3,2
LF:3
LH:3
BRF:0
BRH:0
end_of_record
